<?xml version="1.0" encoding="utf-8"?><testsuites name="pytest tests"><testsuite name="pytest" errors="0" failures="0" skipped="0" tests="7" time="13.998" timestamp="2026-06-15T13:05:49.483743+00:00" hostname="agent-env-64de209a-1f90-465b-b4d6-7b6a10bb79a7"><testcase classname="backend.tests.test_iter7_folders_ocr.TestAuth" name="test_admin_login" time="0.460" /><testcase classname="backend.tests.test_iter7_folders_ocr.TestAuth" name="test_student_login" time="0.325" /><testcase classname="backend.tests.test_iter7_folders_ocr.TestExamFolders" name="test_admin_lists_exams_with_exam_tag_field" time="0.107" /><testcase classname="backend.tests.test_iter7_folders_ocr.TestExamFolders" name="test_admin_create_exam_with_tag" time="0.315" /><testcase classname="backend.tests.test_iter7_folders_ocr.TestExamFolders" name="test_student_sees_published_exams_with_tags" time="0.107" /><testcase classname="backend.tests.test_iter7_folders_ocr.TestOcrPdfUpload" name="test_ocr_upload_requires_auth" time="0.107" /><testcase classname="backend.tests.test_iter7_folders_ocr.TestOcrPdfUpload" name="test_ocr_upload_pdf" time="12.506" /></testsuite></testsuites>