<?xml version="1.0" encoding="utf-8"?><testsuites name="pytest tests"><testsuite name="pytest" errors="0" failures="0" skipped="0" tests="6" time="4.521" timestamp="2026-06-15T13:25:17.807473+00:00" hostname="agent-env-64de209a-1f90-465b-b4d6-7b6a10bb79a7"><testcase classname="backend.tests.test_iter8_classes_assigned_courses.TestStudentClassLevel" name="test_create_student_with_class_level" time="1.007" /><testcase classname="backend.tests.test_iter8_classes_assigned_courses.TestStudentClassLevel" name="test_update_student_class_level" time="0.557" /><testcase classname="backend.tests.test_iter8_classes_assigned_courses.TestExamAssignmentAndClass" name="test_create_exam_with_class_and_assigned" time="0.434" /><testcase classname="backend.tests.test_iter8_classes_assigned_courses.TestExamAssignmentAndClass" name="test_assigned_exam_visible_to_demo" time="1.327" /><testcase classname="backend.tests.test_iter8_classes_assigned_courses.TestStudentCoursesCatalog" name="test_courses_listing_includes_paid_unpurchased_with_flag" time="0.412" /><testcase classname="backend.tests.test_iter8_classes_assigned_courses.TestStudentCoursesCatalog" name="test_purchase_flow_end_to_end" time="0.708" /></testsuite></testsuites>