<?xml version="1.0" encoding="utf-8"?><testsuites name="pytest tests"><testsuite name="pytest" errors="0" failures="0" skipped="0" tests="18" time="83.614" timestamp="2026-06-15T09:32:22.135046+00:00" hostname="agent-env-64de209a-1f90-465b-b4d6-7b6a10bb79a7"><testcase classname="backend.tests.test_iter6_payment_recording.TestPaymentRequest" name="test_paid_course_creates_pending" time="1.484" /><testcase classname="backend.tests.test_iter6_payment_recording.TestPaymentRequest" name="test_duplicate_utr_blocked" time="1.700" /><testcase classname="backend.tests.test_iter6_payment_recording.TestPaymentRequest" name="test_empty_utr_for_paid_400" time="0.845" /><testcase classname="backend.tests.test_iter6_payment_recording.TestPaymentRequest" name="test_free_item_auto_approves" time="1.155" /><testcase classname="backend.tests.test_iter6_payment_recording.TestAdminPaymentsList" name="test_admin_pending_list" time="0.956" /><testcase classname="backend.tests.test_iter6_payment_recording.TestAdminPaymentsList" name="test_non_admin_forbidden" time="0.821" /><testcase classname="backend.tests.test_iter6_payment_recording.TestApproveFlow" name="test_approve_grants_course_access" time="1.233" /><testcase classname="backend.tests.test_iter6_payment_recording.TestRejectFlow" name="test_reject_no_access_and_cannot_reapprove" time="1.125" /><testcase classname="backend.tests.test_iter6_payment_recording.TestRecordingChunkUpload" name="test_upload_chunk_ok" time="2.228" /><testcase classname="backend.tests.test_iter6_payment_recording.TestRecordingChunkUpload" name="test_oversized_chunk_413" time="0.235" /><testcase classname="backend.tests.test_iter6_payment_recording.TestAdminRecordingListing" name="test_admin_lists_chunks_sorted_no_payload" time="0.108" /><testcase classname="backend.tests.test_iter6_payment_recording.TestAdminChunkBinary" name="test_admin_chunk_binary_stream" time="1.097" /><testcase classname="backend.tests.test_iter6_payment_recording.TestPublicChunkListing" name="test_in_progress_attempt_404" time="0.094" /><testcase classname="backend.tests.test_iter6_payment_recording.TestPublicChunkListing" name="test_unknown_id_404" time="0.097" /><testcase classname="backend.tests.test_iter6_payment_recording.TestPublicChunkListing" name="test_submitted_attempt_returns_list" time="0.188" /><testcase classname="backend.tests.test_iter6_payment_recording.TestPublicChunkBinary" name="test_public_chunk_binary_no_auth" time="0.102" /><testcase classname="backend.tests.test_iter6_payment_recording.TestPublicChunkBinary" name="test_public_chunk_unknown_chunk_404" time="1.825" /><testcase classname="backend.tests.test_iter6_payment_recording.TestPublicChunkBinary" name="test_public_chunk_unknown_attempt_404" time="68.254" /></testsuite></testsuites>