<?xml version="1.0" encoding="utf-8"?><testsuites name="pytest tests"><testsuite name="pytest" errors="0" failures="0" skipped="0" tests="8" time="3.346" timestamp="2026-06-15T13:40:41.476722+00:00" hostname="agent-env-64de209a-1f90-465b-b4d6-7b6a10bb79a7"><testcase classname="backend.tests.test_iter9_quick_assign.TestQuestionFolderField" name="test_question_persists_test_folder" time="0.913" /><testcase classname="backend.tests.test_iter9_quick_assign.TestQuestionFolderField" name="test_meta_returns_test_folders" time="0.106" /><testcase classname="backend.tests.test_iter9_quick_assign.TestQuickAssignExam" name="test_400_when_test_folder_empty" time="0.105" /><testcase classname="backend.tests.test_iter9_quick_assign.TestQuickAssignExam" name="test_400_when_exam_name_empty" time="0.104" /><testcase classname="backend.tests.test_iter9_quick_assign.TestQuickAssignExam" name="test_404_when_folder_has_no_questions" time="0.095" /><testcase classname="backend.tests.test_iter9_quick_assign.TestQuickAssignExam" name="test_happy_path_creates_exam_and_assigns" time="0.225" /><testcase classname="backend.tests.test_iter9_quick_assign.TestQuickAssignExam" name="test_demo_student_sees_assigned_exam" time="0.418" /><testcase classname="backend.tests.test_iter9_quick_assign.TestQuickAssignExam" name="test_class_level_filter_excludes_other_class" time="1.319" /></testsuite></testsuites>