<?xml version="1.0" encoding="utf-8"?><testsuites name="pytest tests"><testsuite name="pytest" errors="0" failures="0" skipped="0" tests="8" time="2.210" timestamp="2026-06-24T09:17:54.878356+00:00" hostname="agent-env-64de209a-1f90-465b-b4d6-7b6a10bb79a7"><testcase classname="backend.tests.test_iter13_public_exam_join" name="test_public_exam_preview_unpublished_returns_404" time="0.132" /><testcase classname="backend.tests.test_iter13_public_exam_join" name="test_public_exam_preview_published_no_auth" time="0.520" /><testcase classname="backend.tests.test_iter13_public_exam_join" name="test_share_link_uses_new_public_path" time="0.097" /><testcase classname="backend.tests.test_iter13_public_exam_join" name="test_guest_join_missing_fields" time="0.193" /><testcase classname="backend.tests.test_iter13_public_exam_join" name="test_guest_join_creates_student_and_returns_token" time="0.359" /><testcase classname="backend.tests.test_iter13_public_exam_join" name="test_guest_token_lists_joined_exam" time="0.208" /><testcase classname="backend.tests.test_iter13_public_exam_join" name="test_guest_rejoin_idempotent_same_username" time="0.233" /><testcase classname="backend.tests.test_iter13_public_exam_join" name="test_guest_join_unpublished_exam_returns_403" time="0.384" /></testsuite></testsuites>