<?xml version="1.0" encoding="utf-8"?><testsuites name="pytest tests"><testsuite name="pytest" errors="0" failures="0" skipped="0" tests="11" time="3.503" timestamp="2026-06-15T13:52:27.858563+00:00" hostname="agent-env-64de209a-1f90-465b-b4d6-7b6a10bb79a7"><testcase classname="backend.tests.test_iter10_folder_exam.TestFolderExamFlow" name="test_create_folder_exam" time="0.891" /><testcase classname="backend.tests.test_iter10_folder_exam.TestFolderExamFlow" name="test_questions_tagged_with_folder" time="0.099" /><testcase classname="backend.tests.test_iter10_folder_exam.TestFolderExamFlow" name="test_folders_listing_includes_new" time="0.102" /><testcase classname="backend.tests.test_iter10_folder_exam.TestFolderExamFlow" name="test_demo_student_sees_exam" time="0.434" /><testcase classname="backend.tests.test_iter10_folder_exam.TestFolderExamFlow" name="test_update_folder_exam" time="0.209" /><testcase classname="backend.tests.test_iter10_folder_exam.TestFolderExamFlow" name="test_auto_assign_class_students" time="0.109" /><testcase classname="backend.tests.test_iter10_folder_exam.TestFolderExamFlow" name="test_edge_empty_folder_name" time="0.103" /><testcase classname="backend.tests.test_iter10_folder_exam.TestFolderExamFlow" name="test_edge_empty_exam_name" time="0.096" /><testcase classname="backend.tests.test_iter10_folder_exam.TestFolderExamFlow" name="test_delete_folder" time="0.398" /><testcase classname="backend.tests.test_iter10_folder_exam.TestRegression" name="test_quick_assign_btn_endpoint" time="0.569" /><testcase classname="backend.tests.test_iter10_folder_exam.TestRegression" name="test_meta_endpoint" time="0.407" /></testsuite></testsuites>