<?xml version="1.0" encoding="utf-8"?><testsuites name="pytest tests"><testsuite name="pytest" errors="0" failures="0" skipped="0" tests="13" time="7.732" timestamp="2026-06-24T09:03:45.927059+00:00" hostname="agent-env-64de209a-1f90-465b-b4d6-7b6a10bb79a7"><testcase classname="backend.tests.test_iter12_v2_features" name="test_health" time="0.558" /><testcase classname="backend.tests.test_iter12_v2_features" name="test_batches_crud" time="0.302" /><testcase classname="backend.tests.test_iter12_v2_features" name="test_batches_public_no_auth" time="0.101" /><testcase classname="backend.tests.test_iter12_v2_features" name="test_teacher_create_and_login" time="0.959" /><testcase classname="backend.tests.test_iter12_v2_features" name="test_student_signup_pending_then_approved" time="1.180" /><testcase classname="backend.tests.test_iter12_v2_features" name="test_exam_create_independent" time="0.098" /><testcase classname="backend.tests.test_iter12_v2_features" name="test_exam_clone_clears_assignments" time="0.498" /><testcase classname="backend.tests.test_iter12_v2_features" name="test_exam_import_from_bank_appends_no_duplicates" time="0.399" /><testcase classname="backend.tests.test_iter12_v2_features" name="test_exam_share" time="0.205" /><testcase classname="backend.tests.test_iter12_v2_features" name="test_attendance_mark_list_and_my_stats" time="0.955" /><testcase classname="backend.tests.test_iter12_v2_features" name="test_study_material_admin_create_and_student_visibility" time="0.364" /><testcase classname="backend.tests.test_iter12_v2_features" name="test_broadcast_inapp_and_mocked_channels" time="0.358" /><testcase classname="backend.tests.test_iter12_v2_features" name="test_exam_batch_visibility_filter" time="1.467" /></testsuite></testsuites>