<?xml version="1.0" encoding="utf-8"?><testsuites name="pytest tests"><testsuite name="pytest" errors="0" failures="0" skipped="0" tests="8" time="2.509" timestamp="2026-06-24T09:34:02.819740+00:00" hostname="agent-env-64de209a-1f90-465b-b4d6-7b6a10bb79a7"><testcase classname="backend.tests.test_iter14_share_link_claim.TestClaimEndpoint" name="test_claim_requires_auth" time="0.138" /><testcase classname="backend.tests.test_iter14_share_link_claim.TestClaimEndpoint" name="test_claim_rejects_admin" time="0.328" /><testcase classname="backend.tests.test_iter14_share_link_claim.TestClaimEndpoint" name="test_claim_returns_404_for_missing_exam" time="0.310" /><testcase classname="backend.tests.test_iter14_share_link_claim.TestClaimEndpoint" name="test_claim_success_and_idempotent" time="0.133" /><testcase classname="backend.tests.test_iter14_share_link_claim.TestClaimEndpoint" name="test_claim_403_when_unpublished" time="0.134" /><testcase classname="backend.tests.test_iter14_share_link_claim.TestSignupShareLink" name="test_share_link_signup_auto_approves_and_grants_exam" time="0.360" /><testcase classname="backend.tests.test_iter14_share_link_claim.TestSignupShareLink" name="test_regular_signup_pending" time="0.269" /><testcase classname="backend.tests.test_iter14_share_link_claim.TestSignupShareLink" name="test_share_link_signup_duplicate_mobile_409" time="0.757" /></testsuite></testsuites>