<?xml version="1.0" encoding="utf-8"?><testsuites name="pytest tests"><testsuite name="pytest" errors="0" failures="0" skipped="0" tests="10" time="4.838" timestamp="2026-06-14T07:21:28.907063+00:00" hostname="agent-env-64de209a-1f90-465b-b4d6-7b6a10bb79a7"><testcase classname="backend.tests.backend_test.TestExamScheduling" name="test_start_at_in_future_returns_403" time="1.530" /><testcase classname="backend.tests.backend_test.TestExamScheduling" name="test_end_at_in_past_returns_403" time="0.188" /><testcase classname="backend.tests.backend_test.TestExamScheduling" name="test_within_window_returns_200" time="0.386" /><testcase classname="backend.tests.backend_test.TestManualEvaluation" name="test_submit_marks_subjective_as_pending" time="1.223" /><testcase classname="backend.tests.backend_test.TestManualEvaluation" name="test_pending_list_includes_attempt" time="0.092" /><testcase classname="backend.tests.backend_test.TestManualEvaluation" name="test_get_evaluation_details" time="0.103" /><testcase classname="backend.tests.backend_test.TestManualEvaluation" name="test_non_admin_cannot_access_pending" time="0.102" /><testcase classname="backend.tests.backend_test.TestManualEvaluation" name="test_evaluation_marks_exceed_max_returns_400" time="0.091" /><testcase classname="backend.tests.backend_test.TestManualEvaluation" name="test_save_evaluation_recomputes_score" time="0.097" /><testcase classname="backend.tests.backend_test.TestManualEvaluation" name="test_after_eval_not_in_pending_list" time="0.790" /></testsuite></testsuites>