<?xml version="1.0" encoding="utf-8"?><testsuites name="pytest tests"><testsuite name="pytest" errors="0" failures="0" skipped="0" tests="16" time="11.225" timestamp="2026-06-14T07:11:17.412823+00:00" hostname="agent-env-64de209a-1f90-465b-b4d6-7b6a10bb79a7"><testcase classname="backend.tests.backend_test.TestAuth" name="test_admin_login_success" time="0.494" /><testcase classname="backend.tests.backend_test.TestAuth" name="test_student_login_success" time="0.358" /><testcase classname="backend.tests.backend_test.TestAuth" name="test_student_login_wrong_password" time="0.351" /><testcase classname="backend.tests.backend_test.TestAuth" name="test_me_endpoint" time="0.449" /><testcase classname="backend.tests.backend_test.TestDashboard" name="test_admin_dashboard" time="0.092" /><testcase classname="backend.tests.backend_test.TestInstituteSettings" name="test_get_settings_public_admin" time="0.091" /><testcase classname="backend.tests.backend_test.TestInstituteSettings" name="test_update_settings_persists" time="0.221" /><testcase classname="backend.tests.backend_test.TestStudents" name="test_create_duplicate_update_delete" time="0.816" /><testcase classname="backend.tests.backend_test.TestQuestions" name="test_meta" time="0.139" /><testcase classname="backend.tests.backend_test.TestQuestions" name="test_crud_and_filter" time="0.379" /><testcase classname="backend.tests.backend_test.TestQuestions" name="test_bulk_save" time="0.102" /><testcase classname="backend.tests.backend_test.TestExamCRUD" name="test_exam_list" time="0.092" /><testcase classname="backend.tests.backend_test.TestExamCRUD" name="test_exam_create_update_clone_delete" time="0.465" /><testcase classname="backend.tests.backend_test.TestAttemptFlow" name="test_start_save_violation_submit_result" time="1.742" /><testcase classname="backend.tests.backend_test.TestCheckout" name="test_checkout_grants_exam_access" time="1.038" /><testcase classname="backend.tests.backend_test.TestOCR" name="test_ocr_extracts_questions" time="4.174" /></testsuite></testsuites>